<?xml version="1.0" encoding="UTF-8"?>
<!-- Generated by org.testng.reporters.JUnitXMLReporter -->
<testsuite ignored="0" hostname="DESKTOP-TEQ1B4G" failures="1" tests="1" name="Test" time="78.408" errors="0" timestamp="2023-05-27T03:09:32 GMT-07:00">
  <testcase classname="test_scripts.TestScript1" name="test1" time="5.971">
    <failure type="java.lang.AssertionError" message="null">
      <![CDATA[java.lang.AssertionError: null
at test_scripts.TestScript1.test1(TestScript1.java:19)
at java.base/java.util.ArrayList.forEach(ArrayList.java:1511)
... Removed 29 stack frames]]>
    </failure>
  </testcase> <!-- test1 -->
</testsuite> <!-- Test -->
